<?xml version="1.0" encoding="UTF-8"?>
<!-- Generated by org.testng.reporters.JUnitXMLReporter -->
<testsuite hostname="DESKTOP-F9DLUB6" name="Test" tests="1" failures="1" timestamp="20 Jul 2017 23:29:52 GMT" time="36.871" errors="0">
  <testcase name="test" time="36.856" classname="smokepack.testsmokz">
    <failure type="java.lang.AssertionError" message="On page . Expected Text &amp;quot;Maven Spring MVC Web Project Example&amp;quot; not found">
      <![CDATA[java.lang.AssertionError: On page . Expected Text "Maven Spring MVC Web Project Example" not found
	at smokepack.CommonMethods.verifyText(CommonMethods.java:194)
	at smokepack.testsmokz.test(testsmokz.java:22)
	at org.apache.maven.surefire.testng.TestNGExecutor.run(TestNGExecutor.java:281)
	at org.apache.maven.surefire.testng.TestNGXmlTestSuite.execute(TestNGXmlTestSuite.java:75)
	at org.apache.maven.surefire.testng.TestNGProvider.invoke(TestNGProvider.java:121)
	at org.apache.maven.surefire.booter.ForkedBooter.invokeProviderInSameClassLoader(ForkedBooter.java:290)
	at org.apache.maven.surefire.booter.ForkedBooter.runSuitesInProcess(ForkedBooter.java:242)
	at org.apache.maven.surefire.booter.ForkedBooter.main(ForkedBooter.java:121)
... Removed 22 stack frames]]>
    </failure>
  </testcase> <!-- test -->
</testsuite> <!-- Test -->
