<?xml version="1.0" encoding="UTF-8"?>
<testng-results skipped="0" failed="1" total="1" passed="0">
  <reporter-output>
  </reporter-output>
  <suite name="Suite" duration-ms="36871" started-at="2017-07-20T23:29:15Z" finished-at="2017-07-20T23:29:52Z">
    <groups>
      <group name="Smoke Test">
        <method signature="testsmokz.test()[pri:0, instance:smokepack.testsmokz@6108b2d7]" name="test" class="smokepack.testsmokz"/>
      </group> <!-- Smoke Test -->
    </groups>
    <test name="Test" duration-ms="36871" started-at="2017-07-20T23:29:15Z" finished-at="2017-07-20T23:29:52Z">
      <class name="smokepack.testsmokz">
        <test-method status="FAIL" signature="test()[pri:0, instance:smokepack.testsmokz@6108b2d7]" name="test" duration-ms="36856" started-at="2017-07-20T16:29:15Z" finished-at="2017-07-20T16:29:52Z">
          <exception class="java.lang.AssertionError">
            <message>
              <![CDATA[On page . Expected Text "Maven Spring MVC Web Project Example" not found]]>
            </message>
            <full-stacktrace>
              <![CDATA[java.lang.AssertionError: On page . Expected Text "Maven Spring MVC Web Project Example" not found
	at org.testng.Assert.fail(Assert.java:94)
	at smokepack.CommonMethods.verifyText(CommonMethods.java:194)
	at smokepack.testsmokz.test(testsmokz.java:22)
	at sun.reflect.NativeMethodAccessorImpl.invoke0(Native Method)
	at sun.reflect.NativeMethodAccessorImpl.invoke(NativeMethodAccessorImpl.java:62)
	at sun.reflect.DelegatingMethodAccessorImpl.invoke(DelegatingMethodAccessorImpl.java:43)
	at java.lang.reflect.Method.invoke(Method.java:498)
	at org.testng.internal.MethodInvocationHelper.invokeMethod(MethodInvocationHelper.java:80)
	at org.testng.internal.Invoker.invokeMethod(Invoker.java:714)
	at org.testng.internal.Invoker.invokeTestMethod(Invoker.java:901)
	at org.testng.internal.Invoker.invokeTestMethods(Invoker.java:1231)
	at org.testng.internal.TestMethodWorker.invokeTestMethods(TestMethodWorker.java:127)
	at org.testng.internal.TestMethodWorker.run(TestMethodWorker.java:111)
	at org.testng.TestRunner.privateRun(TestRunner.java:767)
	at org.testng.TestRunner.run(TestRunner.java:617)
	at org.testng.SuiteRunner.runTest(SuiteRunner.java:334)
	at org.testng.SuiteRunner.runSequentially(SuiteRunner.java:329)
	at org.testng.SuiteRunner.privateRun(SuiteRunner.java:291)
	at org.testng.SuiteRunner.run(SuiteRunner.java:240)
	at org.testng.SuiteRunnerWorker.runSuite(SuiteRunnerWorker.java:52)
	at org.testng.SuiteRunnerWorker.run(SuiteRunnerWorker.java:86)
	at org.testng.TestNG.runSuitesSequentially(TestNG.java:1198)
	at org.testng.TestNG.runSuitesLocally(TestNG.java:1123)
	at org.testng.TestNG.run(TestNG.java:1031)
	at org.apache.maven.surefire.testng.TestNGExecutor.run(TestNGExecutor.java:281)
	at org.apache.maven.surefire.testng.TestNGXmlTestSuite.execute(TestNGXmlTestSuite.java:75)
	at org.apache.maven.surefire.testng.TestNGProvider.invoke(TestNGProvider.java:121)
	at org.apache.maven.surefire.booter.ForkedBooter.invokeProviderInSameClassLoader(ForkedBooter.java:290)
	at org.apache.maven.surefire.booter.ForkedBooter.runSuitesInProcess(ForkedBooter.java:242)
	at org.apache.maven.surefire.booter.ForkedBooter.main(ForkedBooter.java:121)
]]>
            </full-stacktrace>
          </exception> <!-- java.lang.AssertionError -->
          <reporter-output>
          </reporter-output>
        </test-method> <!-- test -->
      </class> <!-- smokepack.testsmokz -->
    </test> <!-- Test -->
  </suite> <!-- Suite -->
</testng-results>
