<?xml version="1.0" encoding="UTF-8"?>
<testng-results skipped="0" failed="1" total="1" passed="0">
  <reporter-output>
  </reporter-output>
  <suite name="Default suite" duration-ms="35985" started-at="2017-07-21T00:03:09Z" finished-at="2017-07-21T00:03:45Z">
    <groups>
      <group name="Smoke Test">
        <method signature="testsmokz.test()[pri:0, instance:smokepack.testsmokz@55f3ddb1]" name="test" class="smokepack.testsmokz"/>
      </group> <!-- Smoke Test -->
    </groups>
    <test name="Default test" duration-ms="35985" started-at="2017-07-21T00:03:09Z" finished-at="2017-07-21T00:03:45Z">
      <class name="smokepack.testsmokz">
        <test-method status="FAIL" signature="test()[pri:0, instance:smokepack.testsmokz@55f3ddb1]" name="test" duration-ms="35966" started-at="2017-07-20T17:03:09Z" finished-at="2017-07-20T17:03:45Z">
          <exception class="java.lang.AssertionError">
            <message>
              <![CDATA[On page . Expected Text "Maven Spring MVC Web Project Example" not found]]>
            </message>
            <full-stacktrace>
              <![CDATA[java.lang.AssertionError: On page . Expected Text "Maven Spring MVC Web Project Example" not found
	at org.testng.Assert.fail(Assert.java:94)
	at smokepack.CommonMethods.verifyText(CommonMethods.java:194)
	at smokepack.testsmokz.test(testsmokz.java:22)
	at sun.reflect.NativeMethodAccessorImpl.invoke0(Native Method)
	at sun.reflect.NativeMethodAccessorImpl.invoke(NativeMethodAccessorImpl.java:62)
	at sun.reflect.DelegatingMethodAccessorImpl.invoke(DelegatingMethodAccessorImpl.java:43)
	at java.lang.reflect.Method.invoke(Method.java:498)
	at org.testng.internal.MethodInvocationHelper.invokeMethod(MethodInvocationHelper.java:80)
	at org.testng.internal.Invoker.invokeMethod(Invoker.java:714)
	at org.testng.internal.Invoker.invokeTestMethod(Invoker.java:901)
	at org.testng.internal.Invoker.invokeTestMethods(Invoker.java:1231)
	at org.testng.internal.TestMethodWorker.invokeTestMethods(TestMethodWorker.java:127)
	at org.testng.internal.TestMethodWorker.run(TestMethodWorker.java:111)
	at org.testng.TestRunner.privateRun(TestRunner.java:767)
	at org.testng.TestRunner.run(TestRunner.java:617)
	at org.testng.SuiteRunner.runTest(SuiteRunner.java:334)
	at org.testng.SuiteRunner.runSequentially(SuiteRunner.java:329)
	at org.testng.SuiteRunner.privateRun(SuiteRunner.java:291)
	at org.testng.SuiteRunner.run(SuiteRunner.java:240)
	at org.testng.SuiteRunnerWorker.runSuite(SuiteRunnerWorker.java:52)
	at org.testng.SuiteRunnerWorker.run(SuiteRunnerWorker.java:86)
	at org.testng.TestNG.runSuitesSequentially(TestNG.java:1198)
	at org.testng.TestNG.runSuitesLocally(TestNG.java:1123)
	at org.testng.TestNG.run(TestNG.java:1031)
	at org.testng.remote.AbstractRemoteTestNG.run(AbstractRemoteTestNG.java:132)
	at org.testng.remote.RemoteTestNG.initAndRun(RemoteTestNG.java:230)
	at org.testng.remote.RemoteTestNG.main(RemoteTestNG.java:76)
]]>
            </full-stacktrace>
          </exception> <!-- java.lang.AssertionError -->
          <reporter-output>
          </reporter-output>
        </test-method> <!-- test -->
      </class> <!-- smokepack.testsmokz -->
    </test> <!-- Default test -->
  </suite> <!-- Default suite -->
</testng-results>
